<?xml version="1.0" encoding="UTF-8"?>
<testsuite name="tests.utils.test_glob.GlobTest" tests="1" file="tests/utils/test_glob.py" time="0.001" timestamp="2025-06-24T18:17:20" failures="0" errors="0" skipped="0">
	<testcase classname="tests.utils.test_glob.GlobTest" name="test_everything" time="0.001" timestamp="2025-06-24T18:17:20" file="tests/utils/test_glob.py" line="14"/>
</testsuite>
