<?xml version="1.0" encoding="UTF-8"?>
<testsuite name="tests.commands.test_subset.SubsetTest" tests="9" file="tests/commands/test_subset.py" time="0.120" timestamp="2025-06-24T18:17:19" failures="0" errors="0" skipped="0">
	<testcase classname="tests.commands.test_subset.SubsetTest" name="test_subset" time="0.017" timestamp="2025-06-24T18:17:19" file="tests/commands/test_subset.py" line="14"/>
	<testcase classname="tests.commands.test_subset.SubsetTest" name="test_subset_goalspec" time="0.008" timestamp="2025-06-24T18:17:19" file="tests/commands/test_subset.py" line="211"/>
	<testcase classname="tests.commands.test_subset.SubsetTest" name="test_subset_ignore_flaky_tests_above" time="0.008" timestamp="2025-06-24T18:17:19" file="tests/commands/test_subset.py" line="244"/>
	<testcase classname="tests.commands.test_subset.SubsetTest" name="test_subset_prioritize_tests_failed_within_hours" time="0.008" timestamp="2025-06-24T18:17:19" file="tests/commands/test_subset.py" line="509"/>
	<testcase classname="tests.commands.test_subset.SubsetTest" name="test_subset_targetless" time="0.008" timestamp="2025-06-24T18:17:19" file="tests/commands/test_subset.py" line="169"/>
	<testcase classname="tests.commands.test_subset.SubsetTest" name="test_subset_with_get_tests_from_previous_full_runs" time="0.018" timestamp="2025-06-24T18:17:19" file="tests/commands/test_subset.py" line="286"/>
	<testcase classname="tests.commands.test_subset.SubsetTest" name="test_subset_with_observation_and_output_exclusion_rules" time="0.010" timestamp="2025-06-24T18:17:19" file="tests/commands/test_subset.py" line="455"/>
	<testcase classname="tests.commands.test_subset.SubsetTest" name="test_subset_with_observation_mode" time="0.018" timestamp="2025-06-24T18:17:19" file="tests/commands/test_subset.py" line="86"/>
	<testcase classname="tests.commands.test_subset.SubsetTest" name="test_subset_with_output_exclusion_rules" time="0.025" timestamp="2025-06-24T18:17:19" file="tests/commands/test_subset.py" line="339"/>
</testsuite>
