<?xml version="1.0" encoding="UTF-8"?>
<testsuite name="tests.test_runners.test_adb.AdbTest" tests="1" file="tests/test_runners/test_adb.py" time="0.023" timestamp="2025-06-24T18:17:19" failures="0" errors="0" skipped="0">
	<testcase classname="tests.test_runners.test_adb.AdbTest" name="test_subset" time="0.023" timestamp="2025-06-24T18:17:19" file="tests/test_runners/test_adb.py" line="51"/>
</testsuite>
