<?xml version="1.0" encoding="UTF-8"?>
<testsuite name="tests.utils.test_gzipgen.GzippenTest" tests="1" file="tests/utils/test_gzipgen.py" time="0.000" timestamp="2025-06-24T18:17:20" failures="0" errors="0" skipped="0">
	<testcase classname="tests.utils.test_gzipgen.GzippenTest" name="test_compress" time="0.000" timestamp="2025-06-24T18:17:20" file="tests/utils/test_gzipgen.py" line="8">
		<!--Basic sanity test of -->
		<system-out><![CDATA[b'Hello world'
]]></system-out>
	</testcase>
</testsuite>
