<?xml version="1.0" encoding="UTF-8"?>
<testsuite name="tests.test_runners.test_rspec.RspecTest" tests="1" file="tests/test_runners/test_rspec.py" time="0.014" timestamp="2025-06-24T18:17:18" failures="0" errors="0" skipped="0">
	<testcase classname="tests.test_runners.test_rspec.RspecTest" name="test_record_test_rspec" time="0.014" timestamp="2025-06-24T18:17:18" file="tests/test_runners/test_rspec.py" line="10"/>
</testsuite>
