<?xml version="1.0" encoding="UTF-8"?>
<testsuite name="tests.test_runners.test_googletest.GoogleTestTest" tests="4" file="tests/test_runners/test_googletest.py" time="0.045" timestamp="2025-06-24T18:17:18" failures="0" errors="0" skipped="0">
	<testcase classname="tests.test_runners.test_googletest.GoogleTestTest" name="test_record_empty_dir" time="0.008" timestamp="2025-06-24T18:17:18" file="tests/test_runners/test_googletest.py" line="40"/>
	<testcase classname="tests.test_runners.test_googletest.GoogleTestTest" name="test_record_failed_test_googletest" time="0.012" timestamp="2025-06-24T18:17:18" file="tests/test_runners/test_googletest.py" line="31"/>
	<testcase classname="tests.test_runners.test_googletest.GoogleTestTest" name="test_record_test_googletest" time="0.012" timestamp="2025-06-24T18:17:18" file="tests/test_runners/test_googletest.py" line="23"/>
	<testcase classname="tests.test_runners.test_googletest.GoogleTestTest" name="test_subset" time="0.012" timestamp="2025-06-24T18:17:18" file="tests/test_runners/test_googletest.py" line="10"/>
</testsuite>
