<?xml version="1.0" encoding="UTF-8"?>
<testsuites name="Mocha Tests" time="6.331" tests="6" failures="1" skipped="1">
  <testsuite name="Root Suite" timestamp="2024-11-14T06:04:40" tests="0" file="cypress/e2e/1-getting-started/todo.cy.js" time="0.000" failures="0">
  </testsuite>
  <testsuite name="example to-do app" timestamp="2024-11-14T06:04:40" tests="3" time="0.000" failures="1">
    <testcase name="example to-do app displays two todo items by default" time="0.000" classname="displays two todo items by default">
      <failure message="Timed out retrying after 4000ms: Not enough elements found. Found &apos;2&apos;, expected &apos;3&apos;." type="AssertionError"><![CDATA[AssertionError: Timed out retrying after 4000ms: Not enough elements found. Found '2', expected '3'.
    at Context.eval (webpack://src/./cypress/e2e/1-getting-started/todo.cy.js:27:28)]]></failure>
    </testcase>
    <testcase name="example to-do app can check off an item as completed" time="0.151" classname="can check off an item as completed">
    </testcase>
  </testsuite>
  <testsuite name="with a checked task" timestamp="2024-11-14T06:04:45" tests="3" time="0.719" failures="0">
    <testcase name="example to-do app with a checked task can filter for uncompleted tasks" time="0.216" classname="can filter for uncompleted tasks">
    </testcase>
    <testcase name="example to-do app with a checked task can filter for completed tasks" time="0.213" classname="can filter for completed tasks">
    </testcase>
    <testcase name="example to-do app with a checked task can delete all completed tasks" time="0.209" classname="can delete all completed tasks">
    </testcase>
  </testsuite>
</testsuites>
